<?xml version="1.0" encoding="UTF-8"?>
<!-- Generated by org.testng.reporters.JUnitReportReporter -->
<testsuite skipped="0" hostname="SUNR-Desktop" name="com.Restaurant.testCases.TC_SearchForDish_002" tests="2" failures="0" timestamp="01 Dec 2019 05:39:19 GMT" time="14.664" errors="0">
  <testcase name="loginTest" time="8.489" classname="com.Restaurant.testCases.TC_SearchForDish_002"/>
  <testcase name="Search_Dish" time="6.175" classname="com.Restaurant.testCases.TC_SearchForDish_002"/>
</testsuite> <!-- com.Restaurant.testCases.TC_SearchForDish_002 -->
