<?xml version="1.0" encoding="UTF-8"?>
<!-- Generated by org.testng.reporters.JUnitReportReporter -->
<testsuite skipped="0" hostname="SUNR-Desktop" name="com.Restaurant.testCases.TC_LoginTest_001" tests="1" failures="0" timestamp="01 Dec 2019 05:39:19 GMT" time="8.605" errors="0">
  <testcase name="loginTest" time="8.605" classname="com.Restaurant.testCases.TC_LoginTest_001"/>
</testsuite> <!-- com.Restaurant.testCases.TC_LoginTest_001 -->
