<?xml version="1.0" encoding="UTF-8"?>
<!-- Generated by org.testng.reporters.JUnitReportReporter -->
<testsuite skipped="0" hostname="SUNR-Desktop" name="com.Restaurant.testCases.TC_AddLoginCredentials_003" tests="4" failures="0" timestamp="01 Dec 2019 05:52:40 GMT" time="2.370" errors="0">
  <testcase name="SignUpTest" time="0.570" classname="com.Restaurant.testCases.TC_AddLoginCredentials_003"/>
  <testcase name="SignUpTest" time="0.502" classname="com.Restaurant.testCases.TC_AddLoginCredentials_003"/>
  <testcase name="SignUpTest" time="0.386" classname="com.Restaurant.testCases.TC_AddLoginCredentials_003"/>
  <testcase name="SignUpTest" time="0.912" classname="com.Restaurant.testCases.TC_AddLoginCredentials_003"/>
</testsuite> <!-- com.Restaurant.testCases.TC_AddLoginCredentials_003 -->
